2025-09-30 15:11:26,718 INFO: 密码管家后端启动 [in S:\Code_Unzip\Password-Manager\backend\app.py:62]
2025-09-30 15:11:50,610 INFO: 响应状态: 200 [in S:\Code_Unzip\Password-Manager\backend\app.py:42]
2025-09-30 15:11:50,610 INFO: 响应头部: {'Content-Type': 'text/html; charset=utf-8', 'Allow': 'OPTIONS, POST'} [in S:\Code_Unzip\Password-Manager\backend\app.py:43]
2025-09-30 15:11:51,379 INFO: 响应状态: 200 [in S:\Code_Unzip\Password-Manager\backend\app.py:42]
2025-09-30 15:11:51,381 INFO: 响应头部: {'Content-Type': 'application/json', 'Content-Length': '317'} [in S:\Code_Unzip\Password-Manager\backend\app.py:43]
2025-09-30 15:11:51,881 INFO: 响应状态: 204 [in S:\Code_Unzip\Password-Manager\backend\app.py:42]
2025-09-30 15:11:51,884 INFO: 响应头部: {'Content-Type': 'text/html; charset=utf-8', 'Content-Length': '0'} [in S:\Code_Unzip\Password-Manager\backend\app.py:43]
2025-09-30 15:11:51,972 INFO: 响应状态: 200 [in S:\Code_Unzip\Password-Manager\backend\app.py:42]
2025-09-30 15:11:51,972 INFO: 响应头部: {'Content-Type': 'application/json', 'Content-Length': '11812'} [in S:\Code_Unzip\Password-Manager\backend\app.py:43]
2025-09-30 15:11:52,288 INFO: 响应状态: 204 [in S:\Code_Unzip\Password-Manager\backend\app.py:42]
2025-09-30 15:11:52,288 INFO: 响应头部: {'Content-Type': 'text/html; charset=utf-8', 'Content-Length': '0'} [in S:\Code_Unzip\Password-Manager\backend\app.py:43]
2025-09-30 15:11:52,684 INFO: 响应状态: 200 [in S:\Code_Unzip\Password-Manager\backend\app.py:42]
2025-09-30 15:11:52,684 INFO: 响应头部: {'Content-Type': 'application/json', 'Content-Length': '3017'} [in S:\Code_Unzip\Password-Manager\backend\app.py:43]
2025-09-30 15:11:52,688 INFO: 响应状态: 204 [in S:\Code_Unzip\Password-Manager\backend\app.py:42]
2025-09-30 15:11:52,688 INFO: 响应头部: {'Content-Type': 'text/html; charset=utf-8', 'Content-Length': '0'} [in S:\Code_Unzip\Password-Manager\backend\app.py:43]
2025-09-30 15:11:52,949 INFO: 响应状态: 200 [in S:\Code_Unzip\Password-Manager\backend\app.py:42]
2025-09-30 15:11:52,949 INFO: 响应头部: {'Content-Type': 'application/json', 'Content-Length': '350'} [in S:\Code_Unzip\Password-Manager\backend\app.py:43]
2025-09-30 15:11:55,360 INFO: 响应状态: 200 [in S:\Code_Unzip\Password-Manager\backend\app.py:42]
2025-09-30 15:11:55,361 INFO: 响应头部: {'Content-Type': 'application/json', 'Content-Length': '11812'} [in S:\Code_Unzip\Password-Manager\backend\app.py:43]
2025-09-30 15:11:55,781 INFO: 响应状态: 200 [in S:\Code_Unzip\Password-Manager\backend\app.py:42]
2025-09-30 15:11:55,781 INFO: 响应头部: {'Content-Type': 'application/json', 'Content-Length': '3017'} [in S:\Code_Unzip\Password-Manager\backend\app.py:43]
